<?xml version="1.0" encoding="UTF-8"?>
<!-- Generated by org.testng.reporters.JUnitXMLReporter -->
<testsuite hostname="WTIN01503525L" name="Test RUN" tests="6" failures="0" timestamp="9 Jun 2021 09:19:26 GMT" time="34.001" errors="0">
  <testcase name="reviewBuyer" time="17.647" classname="sspSRMTests.TestMultipleTests2"/>
  <testcase name="reviewBuyer" time="18.588" classname="sspSRMTests.TestMultipleTests"/>
  <testcase name="reviewBuyer2" time="1.4" classname="sspSRMTests.TestMultipleTests"/>
  <testcase name="reviewBuyer2" time="1.273" classname="sspSRMTests.TestMultipleTests2"/>
  <testcase name="reviewBuyer3" time="0.966" classname="sspSRMTests.TestMultipleTests"/>
  <testcase name="reviewBuyer3" time="0.978" classname="sspSRMTests.TestMultipleTests2"/>
</testsuite> <!-- Test RUN -->
