<?xml version="1.0" encoding="UTF-8"?>
<testng-results skipped="0" failed="0" ignored="0" total="2" passed="2">
  <reporter-output>
  </reporter-output>
  <suite name="Suite" duration-ms="15184" started-at="2022-04-12T10:09:32Z" finished-at="2022-04-12T10:09:47Z">
    <groups>
    </groups>
    <test name="Test" duration-ms="15184" started-at="2022-04-12T10:09:32Z" finished-at="2022-04-12T10:09:47Z">
      <class name="tests.ReltioPOCTest">
        <test-method status="PASS" signature="setup()[pri:0, instance:tests.ReltioPOCTest@5cb9f472]" name="setup" is-config="true" duration-ms="7721" started-at="2022-04-12T10:09:32Z" finished-at="2022-04-12T10:09:40Z">
          <reporter-output>
          </reporter-output>
        </test-method> <!-- setup -->
        <test-method status="PASS" signature="setup(org.testng.ITestContext)[pri:0, instance:tests.ReltioPOCTest@5cb9f472]" name="setup" is-config="true" duration-ms="165" started-at="2022-04-12T10:09:40Z" finished-at="2022-04-12T10:09:40Z">
          <params>
            <param index="0">
              <value>
                <![CDATA[org.testng.TestRunner@2f2bf0e2]]>
              </value>
            </param>
          </params>
          <reporter-output>
          </reporter-output>
        </test-method> <!-- setup -->
        <test-method status="PASS" signature="reltioPOC(java.util.Hashtable)[pri:1, instance:tests.ReltioPOCTest@5cb9f472]" name="reltioPOC" duration-ms="2493" started-at="2022-04-12T10:09:41Z" data-provider="ExcelDP1" finished-at="2022-04-12T10:09:43Z">
          <params>
            <param index="0">
              <value>
                <![CDATA[{MarketSegment=Automotive & E-Mobility, AcountName=Excel, CDLUser=SESA443020, SubMarketSegment=Automotive Manufacturers, bfoUser=autouatinsidesalesuser@bridge-fo.com.sitbfo21, Address=Bangalore Road,635126 hosur, bfoPassword=sakthiV@123, ClassificationLevel=IT Solution Provider, SelectAddress=Bangalore Road, CDLPassword=tEST@2021}]]>
              </value>
            </param>
          </params>
          <reporter-output>
          </reporter-output>
        </test-method> <!-- reltioPOC -->
        <test-method status="PASS" signature="reltioPOC1(java.util.Hashtable)[pri:2, instance:tests.ReltioPOCTest@5cb9f472]" name="reltioPOC1" duration-ms="1989" started-at="2022-04-12T10:09:43Z" data-provider="ExcelDP1" finished-at="2022-04-12T10:09:45Z">
          <params>
            <param index="0">
              <value>
                <![CDATA[{MarketSegment=Automotive & E-Mobility, AcountName=Excel, CDLUser=SESA443020, SubMarketSegment=Automotive Manufacturers, bfoUser=autouatinsidesalesuser@bridge-fo.com.sitbfo21, Address=Bangalore Road,635126 hosur, bfoPassword=sakthiV@123, ClassificationLevel=IT Solution Provider, SelectAddress=Bangalore Road, CDLPassword=tEST@2021}]]>
              </value>
            </param>
          </params>
          <reporter-output>
          </reporter-output>
        </test-method> <!-- reltioPOC1 -->
        <test-method status="PASS" signature="tearDown()[pri:0, instance:tests.ReltioPOCTest@5cb9f472]" name="tearDown" is-config="true" duration-ms="1965" started-at="2022-04-12T10:09:45Z" finished-at="2022-04-12T10:09:47Z">
          <reporter-output>
          </reporter-output>
        </test-method> <!-- tearDown -->
        <test-method status="PASS" signature="publishreport()[pri:0, instance:tests.ReltioPOCTest@5cb9f472]" name="publishreport" is-config="true" duration-ms="219" started-at="2022-04-12T10:09:47Z" finished-at="2022-04-12T10:09:47Z">
          <reporter-output>
          </reporter-output>
        </test-method> <!-- publishreport -->
      </class> <!-- tests.ReltioPOCTest -->
    </test> <!-- Test -->
  </suite> <!-- Suite -->
</testng-results>
