<?xml version="1.0" encoding="UTF-8"?>
<testng-results skipped="0" failed="0" total="1" passed="1">
  <reporter-output>
  </reporter-output>
  <suite name="Default suite" duration-ms="14930" started-at="2022-04-12T06:59:13Z" finished-at="2022-04-12T06:59:28Z">
    <groups>
    </groups>
    <test name="Default test" duration-ms="14930" started-at="2022-04-12T06:59:13Z" finished-at="2022-04-12T06:59:28Z">
      <class name="tests.ReltioPOCTest">
        <test-method status="PASS" signature="setup()[pri:0, instance:tests.ReltioPOCTest@f4468b]" name="setup" is-config="true" duration-ms="7793" started-at="2022-04-12T12:29:13Z" finished-at="2022-04-12T12:29:21Z">
          <reporter-output>
          </reporter-output>
        </test-method> <!-- setup -->
        <test-method status="PASS" signature="setup(org.testng.ITestContext)[pri:0, instance:tests.ReltioPOCTest@f4468b]" name="setup" is-config="true" duration-ms="853" started-at="2022-04-12T12:29:21Z" finished-at="2022-04-12T12:29:22Z">
          <params>
            <param index="0">
              <value>
                <![CDATA[org.testng.TestRunner@10174f2]]>
              </value>
            </param>
          </params>
          <reporter-output>
          </reporter-output>
        </test-method> <!-- setup -->
        <test-method status="PASS" signature="reltioPOC(java.util.Hashtable)[pri:1, instance:tests.ReltioPOCTest@f4468b]" name="reltioPOC" duration-ms="2647" started-at="2022-04-12T12:29:24Z" data-provider="ExcelDP1" finished-at="2022-04-12T12:29:27Z">
          <params>
            <param index="0">
              <value>
                <![CDATA[{MarketSegment=Automotive & E-Mobility, AcountName=Excel, CDLUser=SESA443020, SubMarketSegment=Automotive Manufacturers, bfoUser=autouatinsidesalesuser@bridge-fo.com.sitbfo21, Address=Bangalore Road,635126 hosur, bfoPassword=sakthiV@123, ClassificationLevel=IT Solution Provider, SelectAddress=Bangalore Road, CDLPassword=tEST@2021}]]>
              </value>
            </param>
          </params>
          <reporter-output>
          </reporter-output>
        </test-method> <!-- reltioPOC -->
        <test-method status="PASS" signature="tearDown()[pri:0, instance:tests.ReltioPOCTest@f4468b]" name="tearDown" is-config="true" duration-ms="1576" started-at="2022-04-12T12:29:27Z" finished-at="2022-04-12T12:29:28Z">
          <reporter-output>
          </reporter-output>
        </test-method> <!-- tearDown -->
        <test-method status="PASS" signature="publishreport()[pri:0, instance:tests.ReltioPOCTest@f4468b]" name="publishreport" is-config="true" duration-ms="415" started-at="2022-04-12T12:29:28Z" finished-at="2022-04-12T12:29:29Z">
          <reporter-output>
          </reporter-output>
        </test-method> <!-- publishreport -->
      </class> <!-- tests.ReltioPOCTest -->
    </test> <!-- Default test -->
  </suite> <!-- Default suite -->
</testng-results>
