<?xml version="1.0" encoding="UTF-8"?>
<testng-results skipped="0" failed="0" total="1" passed="1">
  <reporter-output>
  </reporter-output>
  <suite name="Suite" duration-ms="17190" started-at="2022-04-12T08:42:22Z" finished-at="2022-04-12T08:42:39Z">
    <groups>
    </groups>
    <test name="Test" duration-ms="17190" started-at="2022-04-12T08:42:22Z" finished-at="2022-04-12T08:42:39Z">
      <class name="tests.ReltioPOCTest">
        <test-method status="PASS" signature="setup()[pri:0, instance:tests.ReltioPOCTest@36d4b5c]" name="setup" is-config="true" duration-ms="9796" started-at="2022-04-12T14:12:22Z" finished-at="2022-04-12T14:12:32Z">
          <reporter-output>
          </reporter-output>
        </test-method> <!-- setup -->
        <test-method status="PASS" signature="setup(org.testng.ITestContext)[pri:0, instance:tests.ReltioPOCTest@36d4b5c]" name="setup" is-config="true" duration-ms="776" started-at="2022-04-12T14:12:32Z" finished-at="2022-04-12T14:12:32Z">
          <params>
            <param index="0">
              <value>
                <![CDATA[org.testng.TestRunner@2a2da905]]>
              </value>
            </param>
          </params>
          <reporter-output>
          </reporter-output>
        </test-method> <!-- setup -->
        <test-method status="PASS" signature="reltioPOC(java.util.Hashtable)[pri:1, instance:tests.ReltioPOCTest@36d4b5c]" name="reltioPOC" duration-ms="3171" started-at="2022-04-12T14:12:34Z" data-provider="ExcelDP1" finished-at="2022-04-12T14:12:37Z">
          <params>
            <param index="0">
              <value>
                <![CDATA[{MarketSegment=Automotive & E-Mobility, AcountName=Excel, CDLUser=SESA443020, SubMarketSegment=Automotive Manufacturers, bfoUser=autouatinsidesalesuser@bridge-fo.com.sitbfo21, Address=Bangalore Road,635126 hosur, bfoPassword=sakthiV@123, ClassificationLevel=IT Solution Provider, SelectAddress=Bangalore Road, CDLPassword=tEST@2021}]]>
              </value>
            </param>
          </params>
          <reporter-output>
          </reporter-output>
        </test-method> <!-- reltioPOC -->
        <test-method status="PASS" signature="tearDown()[pri:0, instance:tests.ReltioPOCTest@36d4b5c]" name="tearDown" is-config="true" duration-ms="1958" started-at="2022-04-12T14:12:37Z" finished-at="2022-04-12T14:12:39Z">
          <reporter-output>
          </reporter-output>
        </test-method> <!-- tearDown -->
        <test-method status="PASS" signature="publishreport()[pri:0, instance:tests.ReltioPOCTest@36d4b5c]" name="publishreport" is-config="true" duration-ms="377" started-at="2022-04-12T14:12:39Z" finished-at="2022-04-12T14:12:39Z">
          <reporter-output>
          </reporter-output>
        </test-method> <!-- publishreport -->
      </class> <!-- tests.ReltioPOCTest -->
    </test> <!-- Test -->
  </suite> <!-- Suite -->
</testng-results>
